*** Using Compiler 'V5.06 update 4 (build 422)', folder: 'E:\Keil_v5\ARM\ARMCC\Bin'
Rebuild target 'Template'
compiling usart.c...
compiling stm32f4xx_it.c...
compiling DJI_MOTOR.c...
compiling Mileage.c...
compiling REMOTE.c...
compiling balance_mode_switch_task.c...
compiling high_pass_filter.c...
compiling BSP.c...
compiling LK_TECH.c...
compiling CanBus.c...
compiling balance_task.c...
compiling sys.c...
compiling main.c...
compiling oldpid.c...
compiling system_stm32f4xx.c...
compiling senior.c...
compiling low_pass_filter.c...
compiling led.c...
compiling control_task.c...
compiling misc.c...
compiling delay.c...
compiling CH100.c...
compiling can.c...
compiling timer.c...
compiling stm32f4xx_crc.c...
compiling leg_task.c...
compiling stm32f4xx_dac.c...
compiling stm32f4xx_adc.c...
compiling stm32f4xx_can.c...
assembling startup_stm32f40_41xxx.s...
compiling stm32f4xx_exti.c...
compiling stm32f4xx_dma.c...
compiling stm32f4xx_flash.c...
compiling stm32f4xx_gpio.c...
compiling stm32f4xx_i2c.c...
compiling BasicMathFunctionsF16.c...
compiling CommonTablesF16.c...
compiling BayesFunctionsF16.c...
compiling BasicMathFunctions.c...
compiling ComplexMathFunctions.c...
compiling BayesFunctions.c...
compiling DistanceFunctions.c...
compiling stm32f4xx_iwdg.c...
compiling DistanceFunctionsF16.c...
compiling stm32f4xx_rng.c...
compiling stm32f4xx_rcc.c...
compiling ControllerFunctions.c...
compiling ComplexMathFunctionsF16.c...
compiling stm32f4xx_spi.c...
compiling FastMathFunctionsF16.c...
compiling stm32f4xx_syscfg.c...
compiling FastMathFunctions.c...
compiling FilteringFunctionsF16.c...
compiling InterpolationFunctions.c...
compiling stm32f4xx_usart.c...
compiling InterpolationFunctionsF16.c...
compiling stm32f4xx_tim.c...
compiling MatrixFunctionsF16.c...
compiling QuaternionMathFunctions.c...
compiling SVMFunctions.c...
compiling retarget_io.c...
compiling SVMFunctionsF16.c...
compiling StatisticsFunctionsF16.c...
compiling SupportFunctionsF16.c...
compiling TransformFunctionsF16.c...
compiling MatrixFunctions.c...
compiling CommonTables.c...
compiling SupportFunctions.c...
compiling StatisticsFunctions.c...
compiling TransformFunctions.c...
compiling FilteringFunctions.c...
linking...
Program Size: Code=62272 RO-data=896 RW-data=180 ZI-data=8476  
FromELF: creating hex file...
"..\OBJ\Template.axf" - 0 Error(s), 0 Warning(s).
Build Time Elapsed:  00:00:10
