*** Using Compiler 'V5.06 update 4 (build 422)', folder: 'E:\Keil_v5\ARM\ARMCC\Bin'
Build target 'Template'
compiling senior.c...
compiling main.c...
compiling DJI_MOTOR.c...
compiling control_task.c...
compiling BSP.c...
compiling gimbal_task.c...
compiling PM01.c...
compiling LK_TECH.c...
compiling buff_karman_filter.c...
compiling REMOTE.c...
compiling HI220.c...
compiling HT430.c...
compiling CanBus.c...
compiling CH100.c...
compiling led.c...
compiling delay.c...
compiling can_chassis_transmit.c...
compiling Auto_shoot.c...
compiling security_mode_switch_task.c...
compiling timer.c...
compiling JUDGE.c...
compiling can.c...
compiling usart.c...
linking...
Program Size: Code=43714 RO-data=1194 RW-data=764 ZI-data=8516  
FromELF: creating hex file...
"..\OBJ\Template.axf" - 0 Error(s), 0 Warning(s).
Build Time Elapsed:  00:00:03
